\BOOKMARK [0][-]{chapter.1}{Dataset}{}% 1
\BOOKMARK [1][-]{section.1.1}{Number of chunks used}{chapter.1}% 2
\BOOKMARK [2][-]{subsection.1.1.1}{Afrikaans:}{section.1.1}% 3
\BOOKMARK [2][-]{subsection.1.1.2}{English:}{section.1.1}% 4
\BOOKMARK [1][-]{section.1.2}{How frequencies were calculated}{chapter.1}% 5
\BOOKMARK [1][-]{section.1.3}{How special characters were handled}{chapter.1}% 6
\BOOKMARK [1][-]{section.1.4}{Store format}{chapter.1}% 7
\BOOKMARK [1][-]{section.1.5}{How the data was pre-processed}{chapter.1}% 8
\BOOKMARK [0][-]{chapter.2}{Experimentation}{}% 9
\BOOKMARK [1][-]{section.2.1}{Changing Learning Rate}{chapter.2}% 10
\BOOKMARK [2][-]{subsection.2.1.1}{Settings}{section.2.1}% 11
\BOOKMARK [2][-]{subsection.2.1.2}{Results}{section.2.1}% 12
\BOOKMARK [2][-]{subsection.2.1.3}{Conclusion}{section.2.1}% 13
\BOOKMARK [1][-]{section.2.2}{Changing Momentum}{chapter.2}% 14
\BOOKMARK [2][-]{subsection.2.2.1}{Settings}{section.2.2}% 15
\BOOKMARK [2][-]{subsection.2.2.2}{Results}{section.2.2}% 16
\BOOKMARK [2][-]{subsection.2.2.3}{Conclusion}{section.2.2}% 17
\BOOKMARK [1][-]{section.2.3}{Changing number of neurons in the hidden layer}{chapter.2}% 18
\BOOKMARK [2][-]{subsection.2.3.1}{Settings}{section.2.3}% 19
\BOOKMARK [2][-]{subsection.2.3.2}{Results}{section.2.3}% 20
\BOOKMARK [2][-]{subsection.2.3.3}{Conclusion}{section.2.3}% 21
\BOOKMARK [2][-]{subsection.2.3.4}{Main Conclusion}{section.2.3}% 22
